[debug] [2026-02-07T14:35:26.592Z] ----------------------------------------------------------------------
[debug] [2026-02-07T14:35:26.595Z] Command:       C:\Program Files\nodejs\node.exe C:\Users\user\AppData\Roaming\npm\node_modules\firebase-tools\lib\bin\firebase.js init
[debug] [2026-02-07T14:35:26.596Z] CLI Version:   15.1.0
[debug] [2026-02-07T14:35:26.596Z] Platform:      win32
[debug] [2026-02-07T14:35:26.596Z] Node Version:  v24.12.0
[debug] [2026-02-07T14:35:26.596Z] Time:          Sat Feb 07 2026 20:05:26 GMT+0530 (India Standard Time)
[debug] [2026-02-07T14:35:26.597Z] ----------------------------------------------------------------------
[debug] 
[debug] [2026-02-07T14:35:26.599Z] >>> [apiv2][query] GET https://firebase-public.firebaseio.com/cli.json [none]
[info] 
     ######## #### ########  ######## ########     ###     ######  ########
     ##        ##  ##     ## ##       ##     ##  ##   ##  ##       ##
     ######    ##  ########  ######   ########  #########  ######  ######
     ##        ##  ##    ##  ##       ##     ## ##     ##       ## ##
     ##       #### ##     ## ######## ########  ##     ##  ######  ########

You're about to initialize a Firebase project in this directory:

  D:\Projects\New folder\sayedali-portfolio

Before we get started, keep in mind:

  * You are initializing within an existing Firebase project directory

[debug] [2026-02-07T14:35:29.436Z] <<< [apiv2][status] GET https://firebase-public.firebaseio.com/cli.json 200
[debug] [2026-02-07T14:35:29.437Z] <<< [apiv2][body] GET https://firebase-public.firebaseio.com/cli.json {"cloudBuildErrorAfter":1594252800000,"cloudBuildWarnAfter":1590019200000,"defaultNode10After":1594252800000,"minVersion":"3.0.5","node8DeploysDisabledAfter":1613390400000,"node8RuntimeDisabledAfter":1615809600000,"node8WarnAfter":1600128000000}
